#
# There is insufficient memory for the Java Runtime Environment to continue.
# Native memory allocation (malloc) failed to allocate 32744 bytes for ChunkPool::allocate
# Possible reasons:
#   The system is out of physical RAM or swap space
#   In 32 bit mode, the process size limit was hit
# Possible solutions:
#   Reduce memory load on the system
#   Increase physical memory or swap space
#   Check if swap backing store is full
#   Use 64 bit Java on a 64 bit OS
#   Decrease Java heap size (-Xmx/-Xms)
#   Decrease number of Java threads
#   Decrease Java thread stack sizes (-Xss)
#   Set larger code cache with -XX:ReservedCodeCacheSize=
# This output file may be truncated or incomplete.
#
#  Out of Memory Error (allocation.cpp:273), pid=3968, tid=12980
#
# JRE version: Java(TM) SE Runtime Environment (8.0_25-b18) (build 1.8.0_25-b18)
# Java VM: Java HotSpot(TM) 64-Bit Server VM (25.25-b02 mixed mode windows-amd64 compressed oops)
# Failed to write core dump. Minidumps are not enabled by default on client versions of Windows
#

---------------  T H R E A D  ---------------

Current thread (0x000000005634b000):  JavaThread "C2 CompilerThread1" daemon [_thread_in_native, id=12980, stack(0x00000000576d0000,0x00000000577d0000)]

Stack: [0x00000000576d0000,0x00000000577d0000]
Native frames: (J=compiled Java code, j=interpreted, Vv=VM code, C=native code)
V  [jvm.dll+0x31667a]
V  [jvm.dll+0x267073]
V  [jvm.dll+0x267cb3]
V  [jvm.dll+0x25f5b5]
V  [jvm.dll+0xbeec1]
V  [jvm.dll+0xbf60c]
V  [jvm.dll+0xbf8b4]
V  [jvm.dll+0x511d59]
V  [jvm.dll+0x511dc2]
V  [jvm.dll+0x44b7c3]
V  [jvm.dll+0x4e637b]
V  [jvm.dll+0x4537b3]
V  [jvm.dll+0x437372]
V  [jvm.dll+0x98a02]
V  [jvm.dll+0x991f3]
V  [jvm.dll+0x22bde4]
V  [jvm.dll+0x2852fa]
C  [msvcr100.dll+0x21d9f]
C  [msvcr100.dll+0x21e3b]
C  [kernel32.dll+0x159ed]
C  [ntdll.dll+0x2c541]


Current CompileTask:
C2:8043023 3576       4       org.mo.com.lang.generic.MMap::set (192 bytes)


---------------  P R O C E S S  ---------------

Java Threads: ( => current thread )
  0x00000000585d3800 JavaThread "http-bio-91-exec-38" daemon [_thread_blocked, id=10856, stack(0x000000005cfd0000,0x000000005d0d0000)]
  0x00000000585dd000 JavaThread "http-bio-91-exec-37" daemon [_thread_blocked, id=9636, stack(0x000000005f140000,0x000000005f240000)]
  0x00000000585d5000 JavaThread "http-bio-91-exec-36" daemon [_thread_blocked, id=10128, stack(0x000000005e390000,0x000000005e490000)]
  0x00000000585de800 JavaThread "http-bio-91-exec-35" daemon [_thread_blocked, id=11788, stack(0x000000005cea0000,0x000000005cfa0000)]
  0x00000000585d8800 JavaThread "http-bio-91-exec-33" daemon [_thread_blocked, id=10576, stack(0x000000005e9f0000,0x000000005eaf0000)]
  0x00000000585dc800 JavaThread "http-bio-91-exec-31" daemon [_thread_blocked, id=12780, stack(0x000000005e860000,0x000000005e960000)]
  0x00000000585d9800 JavaThread "http-bio-91-exec-30" daemon [_thread_blocked, id=12480, stack(0x000000005e130000,0x000000005e230000)]
  0x00000000585da000 JavaThread "http-bio-91-exec-20" daemon [_thread_blocked, id=11472, stack(0x000000005e750000,0x000000005e850000)]
  0x00000000585d4000 JavaThread "http-bio-91-exec-17" daemon [_thread_blocked, id=10380, stack(0x000000005cda0000,0x000000005cea0000)]
  0x00000000585d6800 JavaThread "http-bio-91-exec-10" daemon [_thread_blocked, id=10072, stack(0x000000005ec50000,0x000000005ed50000)]
  0x000000005932f000 JavaThread "ajp-bio-8129-AsyncTimeout" daemon [_thread_blocked, id=11964, stack(0x000000005c1b0000,0x000000005c2b0000)]
  0x000000005932e800 JavaThread "ajp-bio-8129-Acceptor-0" daemon [_thread_in_native, id=3452, stack(0x000000005ca00000,0x000000005cb00000)]
  0x000000005a588000 JavaThread "http-bio-91-AsyncTimeout" daemon [_thread_blocked, id=12960, stack(0x000000005c7e0000,0x000000005c8e0000)]
  0x000000005a931000 JavaThread "http-bio-91-Acceptor-0" daemon [_thread_in_native, id=10448, stack(0x000000005c3f0000,0x000000005c4f0000)]
  0x0000000058dd5800 JavaThread "ContainerBackgroundProcessor[StandardEngine[Catalina]]" daemon [_thread_in_Java, id=4084, stack(0x000000005c590000,0x000000005c690000)]
  0x00000000583b0800 JavaThread "GC Daemon" daemon [_thread_blocked, id=3196, stack(0x0000000059740000,0x0000000059840000)]
  0x00000000563cf000 JavaThread "Service Thread" daemon [_thread_blocked, id=10004, stack(0x0000000057b00000,0x0000000057c00000)]
  0x000000005636c800 JavaThread "C1 CompilerThread3" daemon [_thread_blocked, id=12388, stack(0x00000000579e0000,0x0000000057ae0000)]
  0x0000000056353800 JavaThread "C2 CompilerThread2" daemon [_thread_in_native, id=12132, stack(0x00000000578a0000,0x00000000579a0000)]
=>0x000000005634b000 JavaThread "C2 CompilerThread1" daemon [_thread_in_native, id=12980, stack(0x00000000576d0000,0x00000000577d0000)]
  0x0000000056337000 JavaThread "C2 CompilerThread0" daemon [_thread_in_native, id=7480, stack(0x00000000572f0000,0x00000000573f0000)]
  0x0000000056336000 JavaThread "Attach Listener" daemon [_thread_blocked, id=11872, stack(0x0000000057400000,0x0000000057500000)]
  0x0000000056335000 JavaThread "Signal Dispatcher" daemon [_thread_blocked, id=10816, stack(0x00000000571e0000,0x00000000572e0000)]
  0x000000005456d800 JavaThread "Finalizer" daemon [_thread_blocked, id=8496, stack(0x00000000127a0000,0x00000000128a0000)]
  0x0000000054567800 JavaThread "Reference Handler" daemon [_thread_blocked, id=9068, stack(0x00000000570c0000,0x00000000571c0000)]
  0x00000000025aa000 JavaThread "main" [_thread_in_native, id=12516, stack(0x00000000028f0000,0x00000000029f0000)]

Other Threads:
  0x00000000562d2800 VMThread [stack: 0x0000000056f00000,0x0000000057000000] [id=12704]
  0x00000000563e5800 WatcherThread [stack: 0x0000000057c50000,0x0000000057d50000] [id=10404]

VM state:not at safepoint (normal execution)

VM Mutex/Monitor currently owned by a thread: None

Heap:
 PSYoungGen      total 163840K, used 83533K [0x00000000f5580000, 0x0000000100000000, 0x0000000100000000)
  eden space 153088K, 47% used [0x00000000f5580000,0x00000000f9c9aab8,0x00000000feb00000)
  from space 10752K, 99% used [0x00000000feb00000,0x00000000ff578ce8,0x00000000ff580000)
  to   space 10752K, 0% used [0x00000000ff580000,0x00000000ff580000,0x0000000100000000)
 ParOldGen       total 175104K, used 23972K [0x00000000e0000000, 0x00000000eab00000, 0x00000000f5580000)
  object space 175104K, 13% used [0x00000000e0000000,0x00000000e1769290,0x00000000eab00000)
 Metaspace       used 20218K, capacity 20582K, committed 20864K, reserved 1067008K
  class space    used 2259K, capacity 2387K, committed 2432K, reserved 1048576K

Card table byte_map: [0x0000000002640000,0x0000000002750000] byte_map_base: 0x0000000001f40000

Marking Bits: (ParMarkBitMap*) 0x00000000561ed490
 Begin Bits: [0x0000000012b80000, 0x0000000013380000)
 End Bits:   [0x0000000013380000, 0x0000000013b80000)

Polling page: 0x00000000001f0000

CodeCache: size=245760Kb used=11540Kb max_used=11540Kb free=234219Kb
 bounds [0x00000000029f0000, 0x0000000003550000, 0x00000000119f0000]
 total_blobs=3417 nmethods=3053 adapters=277
 compilation: enabled

Compilation events (10 events):
Event: 8042.294 Thread 0x000000005636c800 nmethod 3571 0x0000000003171050 code [0x00000000031711c0, 0x00000000031713e8]
Event: 8042.295 Thread 0x000000005636c800 3572   !   3       java.util.ResourceBundle$CacheKey::clone (57 bytes)
Event: 8042.295 Thread 0x000000005636c800 nmethod 3572 0x000000000300b7d0 code [0x000000000300b9a0, 0x000000000300c158]
Event: 8042.296 Thread 0x000000005636c800 3573       3       java.util.Formatter$Conversion::isGeneral (64 bytes)
Event: 8042.296 Thread 0x000000005636c800 nmethod 3573 0x0000000002aef950 code [0x0000000002aefaa0, 0x0000000002aefc10]
Event: 8042.315 Thread 0x000000005636c800 3574       3       java.util.concurrent.CopyOnWriteArrayList$COWIterator::hasNext (18 bytes)
Event: 8042.315 Thread 0x000000005636c800 nmethod 3574 0x00000000030fd790 code [0x00000000030fd8e0, 0x00000000030fdab0]
Event: 8042.332 Thread 0x000000005636c800 3575       3       java.lang.reflect.Method::setMethodAccessor (21 bytes)
Event: 8042.333 Thread 0x000000005636c800 nmethod 3575 0x0000000003113b90 code [0x0000000003113d00, 0x00000000031140a8]
Event: 8042.362 Thread 0x000000005634b000 3576       4       org.mo.com.lang.generic.MMap::set (192 bytes)

GC Heap History (10 events):
Event: 0.845 GC heap before
{Heap before GC invocations=1 (full 0):
 PSYoungGen      total 76288K, used 65536K [0x00000000f5580000, 0x00000000faa80000, 0x0000000100000000)
  eden space 65536K, 100% used [0x00000000f5580000,0x00000000f9580000,0x00000000f9580000)
  from space 10752K, 0% used [0x00000000fa000000,0x00000000fa000000,0x00000000faa80000)
  to   space 10752K, 0% used [0x00000000f9580000,0x00000000f9580000,0x00000000fa000000)
 ParOldGen       total 175104K, used 0K [0x00000000e0000000, 0x00000000eab00000, 0x00000000f5580000)
  object space 175104K, 0% used [0x00000000e0000000,0x00000000e0000000,0x00000000eab00000)
 Metaspace       used 12794K, capacity 13034K, committed 13312K, reserved 1060864K
  class space    used 1397K, capacity 1493K, committed 1536K, reserved 1048576K
Event: 0.856 GC heap after
Heap after GC invocations=1 (full 0):
 PSYoungGen      total 76288K, used 10383K [0x00000000f5580000, 0x00000000fea80000, 0x0000000100000000)
  eden space 65536K, 0% used [0x00000000f5580000,0x00000000f5580000,0x00000000f9580000)
  from space 10752K, 96% used [0x00000000f9580000,0x00000000f9fa3cb8,0x00000000fa000000)
  to   space 10752K, 0% used [0x00000000fe000000,0x00000000fe000000,0x00000000fea80000)
 ParOldGen       total 175104K, used 80K [0x00000000e0000000, 0x00000000eab00000, 0x00000000f5580000)
  object space 175104K, 0% used [0x00000000e0000000,0x00000000e0014010,0x00000000eab00000)
 Metaspace       used 12794K, capacity 13034K, committed 13312K, reserved 1060864K
  class space    used 1397K, capacity 1493K, committed 1536K, reserved 1048576K
}
Event: 1.049 GC heap before
{Heap before GC invocations=2 (full 0):
 PSYoungGen      total 76288K, used 75919K [0x00000000f5580000, 0x00000000fea80000, 0x0000000100000000)
  eden space 65536K, 100% used [0x00000000f5580000,0x00000000f9580000,0x00000000f9580000)
  from space 10752K, 96% used [0x00000000f9580000,0x00000000f9fa3cb8,0x00000000fa000000)
  to   space 10752K, 0% used [0x00000000fe000000,0x00000000fe000000,0x00000000fea80000)
 ParOldGen       total 175104K, used 80K [0x00000000e0000000, 0x00000000eab00000, 0x00000000f5580000)
  object space 175104K, 0% used [0x00000000e0000000,0x00000000e0014010,0x00000000eab00000)
 Metaspace       used 12948K, capacity 13194K, committed 13312K, reserved 1060864K
  class space    used 1404K, capacity 1525K, committed 1536K, reserved 1048576K
Event: 1.069 GC heap after
Heap after GC invocations=2 (full 0):
 PSYoungGen      total 141824K, used 10735K [0x00000000f5580000, 0x00000000fea80000, 0x0000000100000000)
  eden space 131072K, 0% used [0x00000000f5580000,0x00000000f5580000,0x00000000fd580000)
  from space 10752K, 99% used [0x00000000fe000000,0x00000000fea7bf40,0x00000000fea80000)
  to   space 10752K, 0% used [0x00000000fd580000,0x00000000fd580000,0x00000000fe000000)
 ParOldGen       total 175104K, used 6221K [0x00000000e0000000, 0x00000000eab00000, 0x00000000f5580000)
  object space 175104K, 3% used [0x00000000e0000000,0x00000000e0613658,0x00000000eab00000)
 Metaspace       used 12948K, capacity 13194K, committed 13312K, reserved 1060864K
  class space    used 1404K, capacity 1525K, committed 1536K, reserved 1048576K
}
Event: 2.682 GC heap before
{Heap before GC invocations=3 (full 0):
 PSYoungGen      total 141824K, used 141807K [0x00000000f5580000, 0x00000000fea80000, 0x0000000100000000)
  eden space 131072K, 100% used [0x00000000f5580000,0x00000000fd580000,0x00000000fd580000)
  from space 10752K, 99% used [0x00000000fe000000,0x00000000fea7bf40,0x00000000fea80000)
  to   space 10752K, 0% used [0x00000000fd580000,0x00000000fd580000,0x00000000fe000000)
 ParOldGen       total 175104K, used 6221K [0x00000000e0000000, 0x00000000eab00000, 0x00000000f5580000)
  object space 175104K, 3% used [0x00000000e0000000,0x00000000e0613658,0x00000000eab00000)
 Metaspace       used 16264K, capacity 16562K, committed 16896K, reserved 1064960K
  class space    used 1840K, capacity 1957K, committed 2048K, reserved 1048576K
Event: 2.693 GC heap after
Heap after GC invocations=3 (full 0):
 PSYoungGen      total 141824K, used 10732K [0x00000000f5580000, 0x0000000100000000, 0x0000000100000000)
  eden space 131072K, 0% used [0x00000000f5580000,0x00000000f5580000,0x00000000fd580000)
  from space 10752K, 99% used [0x00000000fd580000,0x00000000fdffb228,0x00000000fe000000)
  to   space 10752K, 0% used [0x00000000ff580000,0x00000000ff580000,0x0000000100000000)
 ParOldGen       total 175104K, used 16562K [0x00000000e0000000, 0x00000000eab00000, 0x00000000f5580000)
  object space 175104K, 9% used [0x00000000e0000000,0x00000000e102cb70,0x00000000eab00000)
 Metaspace       used 16264K, capacity 16562K, committed 16896K, reserved 1064960K
  class space    used 1840K, capacity 1957K, committed 2048K, reserved 1048576K
}
Event: 1684.724 GC heap before
{Heap before GC invocations=4 (full 0):
 PSYoungGen      total 141824K, used 141804K [0x00000000f5580000, 0x0000000100000000, 0x0000000100000000)
  eden space 131072K, 100% used [0x00000000f5580000,0x00000000fd580000,0x00000000fd580000)
  from space 10752K, 99% used [0x00000000fd580000,0x00000000fdffb228,0x00000000fe000000)
  to   space 10752K, 0% used [0x00000000ff580000,0x00000000ff580000,0x0000000100000000)
 ParOldGen       total 175104K, used 16562K [0x00000000e0000000, 0x00000000eab00000, 0x00000000f5580000)
  object space 175104K, 9% used [0x00000000e0000000,0x00000000e102cb70,0x00000000eab00000)
 Metaspace       used 19894K, capacity 20314K, committed 20608K, reserved 1067008K
  class space    used 2242K, capacity 2385K, committed 2432K, reserved 1048576K
Event: 1684.735 GC heap after
Heap after GC invocations=4 (full 0):
 PSYoungGen      total 163840K, used 10734K [0x00000000f5580000, 0x0000000100000000, 0x0000000100000000)
  eden space 153088K, 0% used [0x00000000f5580000,0x00000000f5580000,0x00000000feb00000)
  from space 10752K, 99% used [0x00000000ff580000,0x00000000ffffba60,0x0000000100000000)
  to   space 10752K, 0% used [0x00000000feb00000,0x00000000feb00000,0x00000000ff580000)
 ParOldGen       total 175104K, used 23860K [0x00000000e0000000, 0x00000000eab00000, 0x00000000f5580000)
  object space 175104K, 13% used [0x00000000e0000000,0x00000000e174d280,0x00000000eab00000)
 Metaspace       used 19894K, capacity 20314K, committed 20608K, reserved 1067008K
  class space    used 2242K, capacity 2385K, committed 2432K, reserved 1048576K
}
Event: 6039.999 GC heap before
{Heap before GC invocations=5 (full 0):
 PSYoungGen      total 163840K, used 163822K [0x00000000f5580000, 0x0000000100000000, 0x0000000100000000)
  eden space 153088K, 100% used [0x00000000f5580000,0x00000000feb00000,0x00000000feb00000)
  from space 10752K, 99% used [0x00000000ff580000,0x00000000ffffba60,0x0000000100000000)
  to   space 10752K, 0% used [0x00000000feb00000,0x00000000feb00000,0x00000000ff580000)
 ParOldGen       total 175104K, used 23860K [0x00000000e0000000, 0x00000000eab00000, 0x00000000f5580000)
  object space 175104K, 13% used [0x00000000e0000000,0x00000000e174d280,0x00000000eab00000)
 Metaspace       used 20040K, capacity 20378K, committed 20608K, reserved 1067008K
  class space    used 2242K, capacity 2385K, committed 2432K, reserved 1048576K
Event: 6040.013 GC heap after
Heap after GC invocations=5 (full 0):
 PSYoungGen      total 163840K, used 10723K [0x00000000f5580000, 0x0000000100000000, 0x0000000100000000)
  eden space 153088K, 0% used [0x00000000f5580000,0x00000000f5580000,0x00000000feb00000)
  from space 10752K, 99% used [0x00000000feb00000,0x00000000ff578ce8,0x00000000ff580000)
  to   space 10752K, 0% used [0x00000000ff580000,0x00000000ff580000,0x0000000100000000)
 ParOldGen       total 175104K, used 23972K [0x00000000e0000000, 0x00000000eab00000, 0x00000000f5580000)
  object space 175104K, 13% used [0x00000000e0000000,0x00000000e1769290,0x00000000eab00000)
 Metaspace       used 20040K, capacity 20378K, committed 20608K, reserved 1067008K
  class space    used 2242K, capacity 2385K, committed 2432K, reserved 1048576K
}

Deoptimization events (10 events):
Event: 7869.674 Thread 0x00000000585d3800 Uncommon trap: reason=unreached action=reinterpret pc=0x0000000002b44700 method=org.apache.naming.resources.FileDirContext.doGetAttributes(Ljava/lang/String;[Ljava/lang/String;)Ljavax/naming/directory/Attributes; @ 7
Event: 8042.294 Thread 0x0000000058dd5800 Uncommon trap: reason=class_check action=maybe_recompile pc=0x0000000002b68960 method=java.lang.String.equals(Ljava/lang/Object;)Z @ 8
Event: 8042.295 Thread 0x0000000058dd5800 Uncommon trap: reason=class_check action=maybe_recompile pc=0x0000000002eafe28 method=java.io.Writer.write(Ljava/lang/String;)V @ 7
Event: 8042.297 Thread 0x0000000058dd5800 Uncommon trap: reason=speculate_class_check action=maybe_recompile pc=0x000000000344cedc method=java.util.concurrent.locks.ReentrantReadWriteLock$Sync.tryAcquireShared(I)I @ 33
Event: 8042.297 Thread 0x0000000058dd5800 Uncommon trap: reason=speculate_class_check action=maybe_recompile pc=0x000000000344cedc method=java.util.concurrent.locks.ReentrantReadWriteLock$Sync.tryAcquireShared(I)I @ 33
Event: 8042.298 Thread 0x0000000058dd5800 Uncommon trap: reason=speculate_class_check action=maybe_recompile pc=0x000000000344cedc method=java.util.concurrent.locks.ReentrantReadWriteLock$Sync.tryAcquireShared(I)I @ 33
Event: 8042.298 Thread 0x0000000058dd5800 Uncommon trap: reason=speculate_class_check action=maybe_recompile pc=0x000000000344cedc method=java.util.concurrent.locks.ReentrantReadWriteLock$Sync.tryAcquireShared(I)I @ 33
Event: 8042.314 Thread 0x0000000058dd5800 Uncommon trap: reason=unreached action=reinterpret pc=0x00000000031c8428 method=java.util.concurrent.locks.ReentrantLock$Sync.nonfairTryAcquire(I)Z @ 34
Event: 8042.330 Thread 0x0000000058dd5800 Uncommon trap: reason=array_check action=maybe_recompile pc=0x0000000002bca210 method=org.mo.com.lang.generic.MMap.set(Ljava/lang/Object;Ljava/lang/Object;)V @ 89
Event: 8042.330 Thread 0x0000000058dd5800 Uncommon trap: reason=array_check action=maybe_recompile pc=0x0000000002bca210 method=org.mo.com.lang.generic.MMap.set(Ljava/lang/Object;Ljava/lang/Object;)V @ 89

Internal exceptions (10 events):
Event: 7893.662 Thread 0x00000000585d8800 Exception <a 'java/lang/reflect/InvocationTargetException'> (0x00000000f8b01690) thrown at [D:\re\workspace\8-2-build-windows-amd64-cygwin\jdk8u25\1677\hotspot\src\share\vm\runtime\reflection.cpp, line 1080]
Event: 7893.663 Thread 0x00000000585d8800 Exception <a 'java/security/PrivilegedActionException'> (0x00000000f8b02d20) thrown at [D:\re\workspace\8-2-build-windows-amd64-cygwin\jdk8u25\1677\hotspot\src\share\vm\prims\jvm.cpp, line 1312]
Event: 7893.674 Thread 0x00000000585d8800 Exception <a 'java/security/PrivilegedActionException'> (0x00000000f8b0d158) thrown at [D:\re\workspace\8-2-build-windows-amd64-cygwin\jdk8u25\1677\hotspot\src\share\vm\prims\jvm.cpp, line 1312]
Event: 7906.810 Thread 0x00000000585d3800 Exception <a 'java/net/SocketTimeoutException': Read timed out> (0x00000000f934a180) thrown at [D:\re\workspace\8-2-build-windows-amd64-cygwin\jdk8u25\1677\hotspot\src\share\vm\prims\jni.cpp, line 742]
Event: 7906.810 Thread 0x00000000585da000 Exception <a 'java/net/SocketTimeoutException': Read timed out> (0x00000000f96004e0) thrown at [D:\re\workspace\8-2-build-windows-amd64-cygwin\jdk8u25\1677\hotspot\src\share\vm\prims\jni.cpp, line 742]
Event: 7906.814 Thread 0x00000000585dc800 Exception <a 'java/net/SocketTimeoutException': Read timed out> (0x00000000f8b28998) thrown at [D:\re\workspace\8-2-build-windows-amd64-cygwin\jdk8u25\1677\hotspot\src\share\vm\prims\jni.cpp, line 742]
Event: 7906.814 Thread 0x00000000585d9800 Exception <a 'java/net/SocketTimeoutException': Read timed out> (0x00000000f8b722c8) thrown at [D:\re\workspace\8-2-build-windows-amd64-cygwin\jdk8u25\1677\hotspot\src\share\vm\prims\jni.cpp, line 742]
Event: 7906.821 Thread 0x00000000585d5000 Exception <a 'java/net/SocketTimeoutException': Read timed out> (0x00000000f8bc76d0) thrown at [D:\re\workspace\8-2-build-windows-amd64-cygwin\jdk8u25\1677\hotspot\src\share\vm\prims\jni.cpp, line 742]
Event: 7913.713 Thread 0x00000000585d8800 Exception <a 'java/net/SocketTimeoutException': Read timed out> (0x00000000f9783618) thrown at [D:\re\workspace\8-2-build-windows-amd64-cygwin\jdk8u25\1677\hotspot\src\share\vm\prims\jni.cpp, line 742]
Event: 8042.315 Thread 0x0000000058dd5800 Exception <a 'java/security/PrivilegedActionException'> (0x00000000f9aedb38) thrown at [D:\re\workspace\8-2-build-windows-amd64-cygwin\jdk8u25\1677\hotspot\src\share\vm\prims\jvm.cpp, line 1312]

Events (10 events):
Event: 8042.314 Thread 0x0000000058dd5800 DEOPT PACKING pc=0x00000000031c8428 sp=0x000000005c68e700
Event: 8042.314 Thread 0x0000000058dd5800 DEOPT UNPACKING pc=0x0000000002a3556a sp=0x000000005c68e570 mode 2
Event: 8042.315 loading class org/mo/com/lang/RArray
Event: 8042.315 loading class org/mo/com/lang/RArray done
Event: 8042.330 Thread 0x0000000058dd5800 Uncommon trap: trap_request=0xffffffd6 fr.pc=0x0000000002bca210
Event: 8042.330 Thread 0x0000000058dd5800 DEOPT PACKING pc=0x0000000002bca210 sp=0x000000005c68e6c0
Event: 8042.330 Thread 0x0000000058dd5800 DEOPT UNPACKING pc=0x0000000002a3556a sp=0x000000005c68e6b8 mode 2
Event: 8042.330 Thread 0x0000000058dd5800 Uncommon trap: trap_request=0xffffffd6 fr.pc=0x0000000002bca210
Event: 8042.330 Thread 0x0000000058dd5800 DEOPT PACKING pc=0x0000000002bca210 sp=0x000000005c68e6c0
Event: 8042.330 Thread 0x0000000058dd5800 DEOPT UNPACKING pc=0x0000000002a3556a sp=0x000000005c68e6b8 mode 2


Dynamic libraries:
0x000000013fdc0000 - 0x000000013fdf4000 	C:\Program Files\Java\jdk1.8.0_25\bin\java.exe
0x0000000076fe0000 - 0x0000000077189000 	C:\Windows\SYSTEM32\ntdll.dll
0x0000000076ec0000 - 0x0000000076fdf000 	C:\Windows\system32\kernel32.dll
0x000007fefcde0000 - 0x000007fefce4c000 	C:\Windows\system32\KERNELBASE.dll
0x000007fefd8c0000 - 0x000007fefd99b000 	C:\Windows\system32\ADVAPI32.dll
0x000007fefd670000 - 0x000007fefd70f000 	C:\Windows\system32\msvcrt.dll
0x000007fefde90000 - 0x000007fefdeaf000 	C:\Windows\SYSTEM32\sechost.dll
0x000007fefd410000 - 0x000007fefd53d000 	C:\Windows\system32\RPCRT4.dll
0x0000000076dc0000 - 0x0000000076eba000 	C:\Windows\system32\USER32.dll
0x000007fefec40000 - 0x000007fefeca7000 	C:\Windows\system32\GDI32.dll
0x000007fefddd0000 - 0x000007fefddde000 	C:\Windows\system32\LPK.dll
0x000007fefd7f0000 - 0x000007fefd8b9000 	C:\Windows\system32\USP10.dll
0x000007fefa4b0000 - 0x000007fefa6a4000 	C:\Windows\WinSxS\amd64_microsoft.windows.common-controls_6595b64144ccf1df_6.0.7601.17514_none_fa396087175ac9ac\COMCTL32.dll
0x000007feff140000 - 0x000007feff1b1000 	C:\Windows\system32\SHLWAPI.dll
0x000007feff110000 - 0x000007feff13e000 	C:\Windows\system32\IMM32.DLL
0x000007feff1c0000 - 0x000007feff2c9000 	C:\Windows\system32\MSCTF.dll
0x000000005bbf0000 - 0x000000005bcc2000 	C:\Program Files\Java\jdk1.8.0_25\jre\bin\msvcr100.dll
0x0000000055a10000 - 0x000000005626a000 	C:\Program Files\Java\jdk1.8.0_25\jre\bin\server\jvm.dll
0x000007feef540000 - 0x000007feef549000 	C:\Windows\system32\WSOCK32.dll
0x000007fefd540000 - 0x000007fefd58d000 	C:\Windows\system32\WS2_32.dll
0x000007fefde80000 - 0x000007fefde88000 	C:\Windows\system32\NSI.dll
0x000007fef9250000 - 0x000007fef928b000 	C:\Windows\system32\WINMM.dll
0x00000000771a0000 - 0x00000000771a7000 	C:\Windows\system32\PSAPI.DLL
0x000000006d100000 - 0x000000006d10f000 	C:\Program Files\Java\jdk1.8.0_25\jre\bin\verify.dll
0x000000005bd80000 - 0x000000005bda8000 	C:\Program Files\Java\jdk1.8.0_25\jre\bin\java.dll
0x000000005bd60000 - 0x000000005bd76000 	C:\Program Files\Java\jdk1.8.0_25\jre\bin\zip.dll
0x000007fefdeb0000 - 0x000007fefec38000 	C:\Windows\system32\SHELL32.dll
0x000007fefd200000 - 0x000007fefd403000 	C:\Windows\system32\ole32.dll
0x000007fefcda0000 - 0x000007fefcdaf000 	C:\Windows\system32\profapi.dll
0x0000000066270000 - 0x000000006627d000 	C:\Program Files\Java\jdk1.8.0_25\jre\bin\management.dll
0x000000005bd10000 - 0x000000005bd2a000 	C:\Program Files\Java\jdk1.8.0_25\jre\bin\net.dll
0x000007fefc580000 - 0x000007fefc5d5000 	C:\Windows\system32\mswsock.dll
0x000007fefc570000 - 0x000007fefc577000 	C:\Windows\System32\wship6.dll
0x000000005bcf0000 - 0x000000005bd01000 	C:\Program Files\Java\jdk1.8.0_25\jre\bin\nio.dll
0x000000005bbc0000 - 0x000000005bbe4000 	C:\Program Files\Java\jdk1.8.0_25\jre\bin\sunec.dll
0x0000000064fb0000 - 0x0000000064fbb000 	C:\Program Files\Java\jdk1.8.0_25\jre\bin\sunmscapi.dll
0x000007fefce90000 - 0x000007fefcffc000 	C:\Windows\system32\CRYPT32.dll
0x000007fefcdb0000 - 0x000007fefcdbf000 	C:\Windows\system32\MSASN1.dll
0x000007fefc5e0000 - 0x000007fefc5f7000 	C:\Windows\system32\CRYPTSP.dll
0x000007fefc2e0000 - 0x000007fefc327000 	C:\Windows\system32\rsaenh.dll
0x000007fefd030000 - 0x000007fefd04e000 	C:\Windows\system32\USERENV.dll
0x000007fefcc40000 - 0x000007fefcc4f000 	C:\Windows\system32\CRYPTBASE.dll
0x000007fef98b0000 - 0x000007fef98d7000 	C:\Windows\system32\IPHLPAPI.DLL
0x000007fef98a0000 - 0x000007fef98ab000 	C:\Windows\system32\WINNSI.DLL
0x000007fef9290000 - 0x000007fef92a8000 	C:\Windows\system32\dhcpcsvc.DLL
0x000007fef9230000 - 0x000007fef9241000 	C:\Windows\system32\dhcpcsvc6.DLL
0x000007fefbef0000 - 0x000007fefbef7000 	C:\Windows\System32\wshtcpip.dll
0x000007fefc400000 - 0x000007fefc45b000 	C:\Windows\system32\DNSAPI.dll
0x0000000072130000 - 0x0000000072156000 	C:\Program Files\Bonjour\mdnsNSP.dll
0x000007fef7ff0000 - 0x000007fef801f000 	C:\Program Files\Common Files\Microsoft Shared\Windows Live\WLIDNSP.DLL
0x000007fef8cc0000 - 0x000007fef8cc8000 	C:\Windows\system32\rasadhlp.dll
0x000007fef9740000 - 0x000007fef9793000 	C:\Windows\System32\fwpuclnt.dll
0x000007fee2e10000 - 0x000007fee2f35000 	C:\Windows\system32\dbghelp.dll

VM Arguments:
jvm_args: -Duser.mobj.application=D:\Microbject\MoCloud\batch\.. -Duser.mobj.mode=Logic -Duser.mobj.js=Test -Duser.mobj.config=application-local -Djava.util.logging.config.file=D:\Microbject\MoCloud\batch\..\mt-server\tomcat-cloud.design\conf\logging.properties -Djava.util.logging.manager=org.apache.juli.ClassLoaderLogManager -Xms256m -Xmx512m -Djava.endorsed.dirs=D:\Microbject\MoCloud\batch\..\mt-server\tomcat-cloud.design\endorsed -Dcatalina.base=D:\Microbject\MoCloud\batch\..\mt-server\tomcat-cloud.design -Dcatalina.home=D:\Microbject\MoCloud\batch\..\mt-server\tomcat-cloud.design -Djava.io.tmpdir=D:\Microbject\MoCloud\batch\..\mt-server\tomcat-cloud.design\temp 
java_command: org.apache.catalina.startup.Bootstrap start
java_class_path (initial): D:\Microbject\MoCloud\batch\..\mt-server\tomcat-cloud.design\bin\bootstrap.jar;D:\Microbject\MoCloud\batch\..\mt-server\tomcat-cloud.design\bin\tomcat-juli.jar
Launcher Type: SUN_STANDARD

Environment Variables:
JAVA_HOME=C:\Program Files\Java\jdk1.8.0_25
JRE_HOME=C:\Program Files\Java\jdk1.8.0_25
CLASSPATH=D:\Microbject\MoCloud\batch\..\mt-server\tomcat-cloud.design\bin\bootstrap.jar;D:\Microbject\MoCloud\batch\..\mt-server\tomcat-cloud.design\bin\tomcat-juli.jar
PATH=C:\ProgramData\Oracle\Java\javapath;C:\Program Files\Common Files\Microsoft Shared\Windows Live;C:\Program Files (x86)\Common Files\Microsoft Shared\Windows Live;C:\Program Files (x86)\NVIDIA Corporation\PhysX\Common;C:\Program Files (x86)\Intel\iCLS Client\;C:\Program Files\Intel\iCLS Client\;C:\Windows\system32;C:\Windows;C:\Windows\System32\Wbem;C:\Windows\System32\WindowsPowerShell\v1.0\;C:\Program Files (x86)\Windows7Master;C:\Program Files\Intel\Intel(R) Management Engine Components\DAL;C:\Program Files\Intel\Intel(R) Management Engine Components\IPT;C:\Program Files (x86)\Intel\Intel(R) Management Engine Components\DAL;C:\Program Files (x86)\Intel\Intel(R) Management Engine Components\IPT;C:\Program Files (x86)\Intel\OpenCL SDK\2.0\bin\x86;C:\Program Files (x86)\Intel\OpenCL SDK\2.0\bin\x64;C:\Program Files\Microsoft\Web Platform Installer\;C:\Program Files (x86)\Microsoft ASP.NET\ASP.NET Web Pages\v1.0\;C:\Program Files\Microsoft SQL Server\110\Tools\Binn\;C:\Program Files\Tools\TortoiseSVN\bin;C:\Program Files (x86)\Develop\VisualSvnServer\bin;C:\Program Files\Common Files\Autodesk Shared\;C:\Program Files (x86)\Autodesk\Backburner\;C:\Program Files (x86)\Tools\CMake 2.8\bin;C:\Program Files (x86)\Windows Live\Shared;C:\Program Files\Tools\TortoiseGit\bin;D:\Studio\Tools\GtkSharp\2.12\bin;C:\Program Files (x86)\Windows Kits\8.1\Windows Performance Toolkit\;D:\Studio\MySQL\MySQL Utilities 1.3.5\;C:\Program Files (x86)\QuickTime\QTSystem\;D:\Studio\Command;C:\Program Files\Microsoft SQL Server\120\Tools\Binn\;C:\Program Files (x86)\Microsoft SDKs\TypeScript\1.1\;C:\Program Files (x86)\nodejs\;C:\Program Files (x86)\Tools\CMake 2.8\bin;C:\Users\Administrator\AppData\Roaming\npm
USERNAME=Administrator
OS=Windows_NT
PROCESSOR_IDENTIFIER=Intel64 Family 6 Model 42 Stepping 7, GenuineIntel



---------------  S Y S T E M  ---------------

OS: Windows 7 , 64 bit Build 7601 Service Pack 1

CPU:total 8 (4 cores per cpu, 2 threads per core) family 6 model 42 stepping 7, cmov, cx8, fxsr, mmx, sse, sse2, sse3, ssse3, sse4.1, sse4.2, popcnt, avx, aes, clmul, ht, tsc, tscinvbit

Memory: 4k page, physical 25066412k(1442832k free), swap 50079848k(514440k free)

vm_info: Java HotSpot(TM) 64-Bit Server VM (25.25-b02) for windows-amd64 JRE (1.8.0_25-b18), built on Oct  7 2014 14:25:37 by "java_re" with MS VC++ 10.0 (VS2010)

time: Sat Jan 24 18:20:54 2015
elapsed time: 8042 seconds (0d 2h 14m 2s)

